Log file open, 09/19/22 18:25:05
LogPlatformFile: Not using cached read wrapper
LogICUInternationalization: ICU TimeZone Detection - Raw Offset: -6:00, Platform Override: ''
LogInit: Build: ++UE5+Release-5.0-CL-20979098
LogInit: Engine Version: 5.0.3-20979098+++UE5+Release-5.0
LogInit: Compatible Engine Version: 5.0.0-19505902+++UE5+Release-5.0
LogInit: Net CL: 19505902
LogInit: OS: Zorin OS 16.1 (5.15.0-46-generic), CPU: Intel(R) Core(TM) i7-10750H CPU @ 2.60GHz, GPU: GenericGPUBrand
LogInit: Compiled (64-bit): Jul  7 2022 02:53:08
LogInit: Compiled with Clang: 13.0.1 
LogInit: Build Configuration: Shipping
LogInit: Branch Name: ++UE5+Release-5.0
LogInit: Command Line:  -Abslog="/home/rashad/Documents/GitHub/BasketBallProject/BasketballGame/Saved/Logs/BasketballGame-CRC.log" "/home/rashad/Documents/GitHub/BasketBallProject/BasketballGame/Saved/Crashes/crashinfo-BasketballGame-pid-8255-EC25FEF52CF242E08639D6655FDC36DA/"
LogInit: Base Directory: /home/rashad/Documents/Software/Linux_Unreal_Engine_5.0.3/Engine/Binaries/Linux/
LogInit: Allocator: Mimalloc
LogInit: Installed Engine Build: 1
LogInit: Presizing for max 100000 objects, including 0 objects not considered by GC, pre-allocating 0 bytes for permanent pool.
LogInit: Object subsystem initialized
LogConfig: Applying CVar settings from Section [ConsoleVariables] File [Engine]
[2022.09.19-23.25.05:459][  0]LogInit: Unix hardware info:
[2022.09.19-23.25.05:459][  0]LogInit:  - we are the first instance of this executable
[2022.09.19-23.25.05:459][  0]LogInit:  - this process' id (pid) is 24036, parent process' id (ppid) is 8255
[2022.09.19-23.25.05:459][  0]LogInit:  - we are not running under debugger
[2022.09.19-23.25.05:459][  0]LogInit:  - machine network name is 'DaBingusMachinePlus'
[2022.09.19-23.25.05:459][  0]LogInit:  - user name is 'rashad' (rashad)
[2022.09.19-23.25.05:459][  0]LogInit:  - we're logged in locally
[2022.09.19-23.25.05:459][  0]LogInit:  - we're running with rendering
[2022.09.19-23.25.05:459][  0]LogInit:  - CPU: GenuineIntel 'Intel(R) Core(TM) i7-10750H CPU @ 2.60GHz' (signature: 0xA0652)
[2022.09.19-23.25.05:459][  0]LogInit:  - Number of physical cores available for the process: 6
[2022.09.19-23.25.05:459][  0]LogInit:  - Number of logical cores available for the process: 12
[2022.09.19-23.25.05:459][  0]LogInit:  - Cache line size: 64
[2022.09.19-23.25.05:459][  0]LogInit:  - GPU Info. Card0 PCI-id: 0x10de-0x2191 NVRM version: NVIDIA UNIX x86_64 Kernel Module  515.65.01  Wed Jul 20 14:00:58 UTC 2022
[2022.09.19-23.25.05:459][  0]LogInit:  - Memory allocator used: Mimalloc
[2022.09.19-23.25.05:459][  0]LogInit:  - This binary is optimized with LTO: no, PGO: no, instrumented for PGO data collection: no
[2022.09.19-23.25.05:459][  0]LogInit:  - This is an internal build.
[2022.09.19-23.25.05:459][  0]LogCore: Skipped benchmarking clocks because the engine is running in a standalone program mode - CLOCK_MONOTONIC will be used.
[2022.09.19-23.25.05:459][  0]LogInit: Unix-specific commandline switches:
[2022.09.19-23.25.05:459][  0]LogInit:  -ansimalloc - use malloc()/free() from libc (useful for tools like valgrind and electric fence)
[2022.09.19-23.25.05:459][  0]LogInit:  -jemalloc - use jemalloc for all memory allocation
[2022.09.19-23.25.05:459][  0]LogInit:  -binnedmalloc - use binned malloc  for all memory allocation
[2022.09.19-23.25.05:459][  0]LogInit:  -filemapcachesize=NUMBER - set the size for case-sensitive file mapping cache
[2022.09.19-23.25.05:459][  0]LogInit:  -useksm - uses kernel same-page mapping (KSM) for mapped memory (OFF)
[2022.09.19-23.25.05:459][  0]LogInit:  -ksmmergeall - marks all mmap'd memory pages suitable for KSM (OFF)
[2022.09.19-23.25.05:459][  0]LogInit:  -preloadmodulesymbols - Loads the main module symbols file into memory (OFF)
[2022.09.19-23.25.05:459][  0]LogInit:  -sigdfl=SIGNAL - Allows a specific signal to be set to its default handler rather then ignoring the signal
[2022.09.19-23.25.05:459][  0]LogInit:  -crashhandlerstacksize - Allows setting crash handler stack sizes (204800)
[2022.09.19-23.25.05:460][  0]LogInit:  -noexclusivelockonwrite - disables marking files created by the engine as exclusive locked while the engine has them opened
[2022.09.19-23.25.05:460][  0]LogInit:  -httpproxy=ADDRESS:PORT - redirects HTTP requests to a proxy (only supported if compiled with libcurl)
[2022.09.19-23.25.05:460][  0]LogInit:  -reuseconn - allow libcurl to reuse HTTP connections (only matters if compiled with libcurl)
[2022.09.19-23.25.05:460][  0]LogInit:  -virtmemkb=NUMBER - sets process virtual memory (address space) limit (overrides VirtualMemoryLimitInKB value from .ini)
[2022.09.19-23.25.05:460][  0]LogInit:  - Physical RAM available (not considering process quota): 32 GB (32011 MB, 32779824 KB, 33566539776 bytes)
[2022.09.19-23.25.05:460][  0]LogInit:  - VirtualMemoryAllocator pools will grow at scale 1.4
[2022.09.19-23.25.05:460][  0]LogInit:  - MemoryRangeDecommit() will be a no-op (re-run with -vmapoolevict to change)
[2022.09.19-23.25.05:463][  0]LogUObjectArray: 388 objects as part of root set at end of initial load.
[2022.09.19-23.25.05:463][  0]LogUObjectAllocator: 79472 out of 0 bytes used by permanent object pool.
[2022.09.19-23.25.05:463][  0]LogUObjectArray: CloseDisregardForGC: 0/0 objects in disregard for GC pool
[2022.09.19-23.25.05:463][  0]LogInit: Using OS detected language (en-US).
[2022.09.19-23.25.05:463][  0]LogInit: Using OS detected locale (en-US).
[2022.09.19-23.25.05:463][  0]LogTextLocalizationManager: No specific localization for 'en-US' exists, so 'en' will be used for the language.
[2022.09.19-23.25.05:476][  0]LogInit: Using OS detected language (en-US).
[2022.09.19-23.25.05:476][  0]LogInit: Using OS detected locale (en-US).
[2022.09.19-23.25.05:476][  0]LogTextLocalizationManager: No localization for 'en-US' exists, so 'en' will be used for the language.
[2022.09.19-23.25.05:476][  0]LogTextLocalizationManager: No localization for 'en-US' exists, so 'en' will be used for the locale.
[2022.09.19-23.25.05:476][  0]LogPackageLocalizationCache: Processed 2 localized package path(s) for 1 prioritized culture(s) in 0.000022 seconds
[2022.09.19-23.25.05:476][  0]CrashReportCoreLog: CrashReportClientVersion=1.0
[2022.09.19-23.25.05:476][  0]CrashReportCoreLog: CrashReportReceiver disabled
[2022.09.19-23.25.05:476][  0]CrashReportCoreLog: DataRouterUrl: https://datarouter.ol.epicgames.com/datarouter/api/v1/public/data
[2022.09.19-23.25.05:499][  0]LogInit: Using libcurl 7.65.3-DEV
[2022.09.19-23.25.05:499][  0]LogInit:  - built for x86_64-unknown-linux-gnu
[2022.09.19-23.25.05:499][  0]LogInit:  - supports SSL with OpenSSL/1.1.1c
[2022.09.19-23.25.05:499][  0]LogInit:  - supports HTTP deflate (compression) using libz 1.2.8
[2022.09.19-23.25.05:499][  0]LogInit:  - other features:
[2022.09.19-23.25.05:499][  0]LogInit:      CURL_VERSION_SSL
[2022.09.19-23.25.05:499][  0]LogInit:      CURL_VERSION_LIBZ
[2022.09.19-23.25.05:500][  0]LogInit:      CURL_VERSION_IPV6
[2022.09.19-23.25.05:500][  0]LogInit:      CURL_VERSION_ASYNCHDNS
[2022.09.19-23.25.05:500][  0]LogInit:      CURL_VERSION_LARGEFILE
[2022.09.19-23.25.05:500][  0]LogInit:      CURL_VERSION_TLSAUTH_SRP
[2022.09.19-23.25.05:500][  0]LogInit:  CurlRequestOptions (configurable via config and command line):
[2022.09.19-23.25.05:500][  0]LogInit:  - bVerifyPeer = false  - Libcurl will NOT verify peer certificate
[2022.09.19-23.25.05:500][  0]LogInit:  - bUseHttpProxy = false  - Libcurl will NOT use HTTP proxy
[2022.09.19-23.25.05:500][  0]LogInit:  - bDontReuseConnections = false  - Libcurl will reuse connections
[2022.09.19-23.25.05:500][  0]LogInit:  - MaxHostConnections = 16  - Libcurl will limit the number of connections to a host
[2022.09.19-23.25.05:500][  0]LogInit:  - LocalHostAddr = Default
[2022.09.19-23.25.05:500][  0]LogInit:  - BufferSize = 65536
[2022.09.19-23.25.05:500][  0]LogAnalytics: Display: [CrashReporter.Release] APIServer = https://datarouter.ol.epicgames.com/. AppVersion = ++UE5+Release-5.0-CL-20979098
[2022.09.19-23.25.05:504][  0]LogInit: Initializing SDL.
[2022.09.19-23.33.53:359][  0]LogInit: Initialized SDL 2.0.20 revision:  (compiled against 2.0.20)
[2022.09.19-23.33.53:359][  0]LogInit: Using SDL video driver 'x11'
[2022.09.19-23.33.53:554][  0]LogSlate: New Slate User Created.  User Index 0, Is Virtual User: 0
[2022.09.19-23.33.53:554][  0]LogSlate: Slate User Registered.  User Index 0, Is Virtual User: 0
[2022.09.19-23.33.53:578][  0]LogSlate: Using FreeType 2.10.0
[2022.09.19-23.33.53:595][  0]LogSlate: SlateFontServices - WITH_FREETYPE: 1, WITH_HARFBUZZ: 1
[2022.09.19-23.33.53:595][  0]LogInit: Using SDL_WINDOW_OPENGL
[2022.09.19-23.33.53:599][  0]LogInit: FSlateOpenGLContext::Initialize - creating OpenGL 2.1 context
[2022.09.19-23.33.53:707][  0]CrashReportCoreLog: Initial state = Unknown UploadState value
[2022.09.19-23.33.53:707][  0]CrashReportCoreLog: Initial state = Unknown UploadState value
[2022.09.19-23.33.55:137][  0]LogInit: FSlateOpenGLContext::Initialize - creating OpenGL 2.1 context
[2022.09.19-23.33.55:143][  0]LogSlate: Took 0.000039 seconds to synchronously load lazily loaded font '../../../Engine/Content/Slate/Fonts/Roboto-Regular.ttf' (155K)
[2022.09.19-23.33.55:143][  0]LogSlate: Took 0.000031 seconds to synchronously load lazily loaded font '../../../Engine/Content/Slate/Fonts/Roboto-Bold.ttf' (160K)
[2022.09.19-23.33.55:146][  0]LogSlate: Took 0.000031 seconds to synchronously load lazily loaded font '../../../Engine/Content/Slate/Fonts/Roboto-Italic.ttf' (157K)
[2022.09.19-23.34.24:086][  0]LogSlate: Request Window 'UE5-Basketball Crash Reporter' being destroyed
[2022.09.19-23.34.24:086][  0]LogSlate: Window 'UE5-Basketball Crash Reporter' being destroyed
[2022.09.19-23.34.24:087][  0]LogCore: Engine exit requested (reason: OnRequestExit)
[2022.09.19-23.34.24:090][  0]CrashReportCoreLog: Final state (Receiver) = Ready
[2022.09.19-23.34.24:090][  0]CrashReportCoreLog: Final state (Receiver) = Unknown UploadState value
[2022.09.19-23.34.24:092][  0]LogSlate: Slate User Destroyed.  User Index 0, Is Virtual User: 0
[2022.09.19-23.34.24:092][  0]LogCore: Engine exit requested (reason: CrashReportClientApp RequestExit; note: exit was already requested)
[2022.09.19-23.34.24:092][  0]LogExit: Preparing to exit.
[2022.09.19-23.34.24:092][  0]LogExit: Object subsystem successfully closed.
[2022.09.19-23.34.24:098][  0]LogModuleManager: Shutting down and abandoning module ImageWrapper (16)
[2022.09.19-23.34.24:098][  0]LogModuleManager: Shutting down and abandoning module InputCore (14)
[2022.09.19-23.34.24:098][  0]LogModuleManager: Shutting down and abandoning module AnalyticsET (12)
[2022.09.19-23.34.24:098][  0]LogModuleManager: Shutting down and abandoning module HTTP (11)
[2022.09.19-23.34.24:098][  0]LogHttp: Warning: Http module shutting down, but needs to wait on 1 outstanding Http requests:
[2022.09.19-23.34.24:098][  0]LogHttp: Warning: 	verb=[POST] url=[https://datarouter.ol.epicgames.com/datarouter/api/v1/public/data?SessionID=%7BDD4ABAA4-55C3-4577-ACF7-537215D64AFF%7D&AppID=CrashReporter.Release&AppVersion=%2B%2BUE5%2BRelease-5.0-CL-20979098&UserID=78127627b8bd49f1bb3b4efaf141a434-000003e8%7C%7C78127627b8bd49f1bb3b4efaf141a434&AppEnvironment=datacollector-binary&UploadType=eteventstream] refs=[1] status=Processing
[2022.09.19-23.34.24:098][  0]LogHttp: Warning: Cleaning up 1 outstanding Http requests.
[2022.09.19-23.34.24:098][  0]LogHttp: Warning: Sleeping 0.500s to wait for 1 outstanding Http requests.
[2022.09.19-23.34.24:598][  0]LogHttp: Warning: 0x8f90b8ef000: invalid HTTP response code received. URL: https://datarouter.ol.epicgames.com/datarouter/api/v1/public/data?SessionID=%7BDD4ABAA4-55C3-4577-ACF7-537215D64AFF%7D&AppID=CrashReporter.Release&AppVersion=%2B%2BUE5%2BRelease-5.0-CL-20979098&UserID=78127627b8bd49f1bb3b4efaf141a434-000003e8%7C%7C78127627b8bd49f1bb3b4efaf141a434&AppEnvironment=datacollector-binary&UploadType=eteventstream, HTTP code: 0, content length: 0, actual payload size: 0
[2022.09.19-23.34.24:598][  0]LogHttp: Warning: 0x8f90b8ef000: request failed, libcurl error: 6 (Couldn't resolve host name)
[2022.09.19-23.34.24:598][  0]LogHttp: Warning: 0x8f90b8ef000: libcurl info message cache 0 (Could not resolve host: datarouter.ol.epicgames.com)
[2022.09.19-23.34.24:612][  0]LogModuleManager: Shutting down and abandoning module SSL (10)
[2022.09.19-23.34.24:614][  0]LogModuleManager: Shutting down and abandoning module CoreUObject (6)
[2022.09.19-23.34.24:614][  0]LogModuleManager: Shutting down and abandoning module PakFile (4)
[2022.09.19-23.34.24:614][  0]LogModuleManager: Shutting down and abandoning module RSA (3)
[2022.09.19-23.34.24:616][  0]LogExit: Exiting.
[2022.09.19-23.34.24:616][  0]LogInit: Tearing down SDL.
[2022.09.19-23.34.24:626][  0]Log file closed, 09/19/22 18:34:24
